[debug] [2022-02-17T18:14:38.412Z] ----------------------------------------------------------------------
[debug] [2022-02-17T18:14:38.413Z] Command:       /home/stephen/.nvm/versions/node/v14.16.0/bin/node /home/stephen/.yarn/bin/firebase init
[debug] [2022-02-17T18:14:38.414Z] CLI Version:   9.6.1
[debug] [2022-02-17T18:14:38.414Z] Platform:      linux
[debug] [2022-02-17T18:14:38.414Z] Node Version:  v14.16.0
[debug] [2022-02-17T18:14:38.414Z] Time:          Thu Feb 17 2022 12:14:38 GMT-0600 (Central Standard Time)
[debug] [2022-02-17T18:14:38.414Z] ----------------------------------------------------------------------
[debug] [2022-02-17T18:14:38.414Z] 
[debug] [2022-02-17T18:14:38.415Z] >>> [apiv2][query] GET https://firebase-public.firebaseio.com/cli.json [none]
[debug] [2022-02-17T18:14:38.423Z] > command requires scopes: ["email","openid","https://www.googleapis.com/auth/cloudplatformprojects.readonly","https://www.googleapis.com/auth/firebase","https://www.googleapis.com/auth/cloud-platform"]
[debug] [2022-02-17T18:14:38.423Z] > authorizing via signed-in user
[info] 
     ######## #### ########  ######## ########     ###     ######  ########
     ##        ##  ##     ## ##       ##     ##  ##   ##  ##       ##
     ######    ##  ########  ######   ########  #########  ######  ######
     ##        ##  ##    ##  ##       ##     ## ##     ##       ## ##
     ##       #### ##     ## ######## ########  ##     ##  ######  ########

You're about to initialize a Firebase project in this directory:

  /home/stephen/workspace/chainlink/angular-operator

[debug] [2022-02-17T18:14:38.584Z] <<< [apiv2][status] GET https://firebase-public.firebaseio.com/cli.json 200
[debug] [2022-02-17T18:14:38.584Z] <<< [apiv2][body] GET https://firebase-public.firebaseio.com/cli.json {"cloudBuildErrorAfter":1594252800000,"cloudBuildWarnAfter":1590019200000,"defaultNode10After":1594252800000,"minVersion":"3.0.5","node8DeploysDisabledAfter":1613390400000,"node8RuntimeDisabledAfter":1615809600000,"node8WarnAfter":1600128000000}
[info] 
=== Project Setup
[info] 
[info] First, let's associate this project directory with a Firebase project.
[info] You can create multiple project aliases by running firebase use --add, 
[info] but for now we'll just set up a default project.
[info] 
[info] i  If you want to create a project in a Google Cloud organization or folder, please use "firebase projects:create" instead, and return to this command when you've created the project. 
[debug] [2022-02-17T18:15:22.644Z] > refreshing access token with scopes: ["email","https://www.googleapis.com/auth/cloud-platform","https://www.googleapis.com/auth/cloudplatformprojects.readonly","https://www.googleapis.com/auth/firebase","openid"]
[debug] [2022-02-17T18:15:22.644Z] >>> HTTP REQUEST POST https://www.googleapis.com/oauth2/v3/token  
 <request body omitted>
[debug] [2022-02-17T18:15:22.786Z] <<< HTTP RESPONSE 200 {"date":"Thu, 17 Feb 2022 18:15:22 GMT","cache-control":"no-cache, no-store, max-age=0, must-revalidate","expires":"Mon, 01 Jan 1990 00:00:00 GMT","pragma":"no-cache","content-type":"application/json; charset=utf-8","vary":"X-Origin, Referer, Origin,Accept-Encoding","server":"scaffolding on HTTPServer2","x-xss-protection":"0","x-frame-options":"SAMEORIGIN","x-content-type-options":"nosniff","alt-svc":"h3=\":443\"; ma=2592000,h3-29=\":443\"; ma=2592000,h3-Q050=\":443\"; ma=2592000,h3-Q046=\":443\"; ma=2592000,h3-Q043=\":443\"; ma=2592000,quic=\":443\"; ma=2592000; v=\"46,43\"","accept-ranges":"none","transfer-encoding":"chunked"}
[debug] [2022-02-17T18:15:22.788Z] >>> HTTP REQUEST POST https://cloudresourcemanager.googleapis.com/v1/projects  
 {"projectId":"angular-smart-contract-operator","name":"Angular Smart Contract Operator"}
[debug] [2022-02-17T18:15:22.940Z] <<< HTTP RESPONSE 400 {"vary":"X-Origin, Referer, Origin,Accept-Encoding","content-type":"application/json; charset=UTF-8","date":"Thu, 17 Feb 2022 18:15:22 GMT","server":"ESF","cache-control":"private","x-xss-protection":"0","x-frame-options":"SAMEORIGIN","x-content-type-options":"nosniff","server-timing":"gfet4t7; dur=32","alt-svc":"h3=\":443\"; ma=2592000,h3-29=\":443\"; ma=2592000,h3-Q050=\":443\"; ma=2592000,h3-Q046=\":443\"; ma=2592000,h3-Q043=\":443\"; ma=2592000,quic=\":443\"; ma=2592000; v=\"46,43\"","accept-ranges":"none","transfer-encoding":"chunked"}
[debug] [2022-02-17T18:15:22.940Z] <<< HTTP RESPONSE BODY {"error":{"code":400,"message":"Request contains an invalid argument.","status":"INVALID_ARGUMENT","details":[{"@type":"type.googleapis.com/google.rpc.BadRequest","fieldViolations":[{"field":"project_id","description":"project_id must be at most 30 characters long"},{"field":"display_name","description":"project display name must be at most 30 characters"}]},{"@type":"type.googleapis.com/google.rpc.Help","links":[{"url":"https://cloud.google.com/resource-manager/reference/rest/v1/projects"}]}]}}
[debug] [2022-02-17T18:15:23.041Z] FirebaseError: HTTP Error: 400, Request contains an invalid argument.
    at module.exports (/home/stephen/.config/yarn/global/node_modules/firebase-tools/lib/responseToError.js:38:12)
    at Request._callback (/home/stephen/.config/yarn/global/node_modules/firebase-tools/lib/api.js:41:35)
    at Request.self.callback (/home/stephen/.config/yarn/global/node_modules/request/request.js:185:22)
    at Request.emit (events.js:315:20)
    at Request.EventEmitter.emit (domain.js:467:12)
    at Request.<anonymous> (/home/stephen/.config/yarn/global/node_modules/request/request.js:1154:10)
    at Request.emit (events.js:315:20)
    at Request.EventEmitter.emit (domain.js:467:12)
    at IncomingMessage.<anonymous> (/home/stephen/.config/yarn/global/node_modules/request/request.js:1076:12)
    at Object.onceWrapper (events.js:421:28)
    at IncomingMessage.emit (events.js:327:22)
    at IncomingMessage.EventEmitter.emit (domain.js:467:12)
    at endReadableNT (internal/streams/readable.js:1327:12)
    at processTicksAndRejections (internal/process/task_queues.js:80:21)
[error] 
[error] Error: Failed to create project. See firebase-debug.log for more info.
[debug] [2022-02-17T18:15:27.189Z] ----------------------------------------------------------------------
[debug] [2022-02-17T18:15:27.190Z] Command:       /home/stephen/.nvm/versions/node/v14.16.0/bin/node /home/stephen/.yarn/bin/firebase init
[debug] [2022-02-17T18:15:27.190Z] CLI Version:   9.6.1
[debug] [2022-02-17T18:15:27.190Z] Platform:      linux
[debug] [2022-02-17T18:15:27.190Z] Node Version:  v14.16.0
[debug] [2022-02-17T18:15:27.191Z] Time:          Thu Feb 17 2022 12:15:27 GMT-0600 (Central Standard Time)
[debug] [2022-02-17T18:15:27.191Z] ----------------------------------------------------------------------
[debug] [2022-02-17T18:15:27.191Z] 
[debug] [2022-02-17T18:15:27.193Z] > command requires scopes: ["email","openid","https://www.googleapis.com/auth/cloudplatformprojects.readonly","https://www.googleapis.com/auth/firebase","https://www.googleapis.com/auth/cloud-platform"]
[debug] [2022-02-17T18:15:27.193Z] > authorizing via signed-in user
[info] 
     ######## #### ########  ######## ########     ###     ######  ########
     ##        ##  ##     ## ##       ##     ##  ##   ##  ##       ##
     ######    ##  ########  ######   ########  #########  ######  ######
     ##        ##  ##    ##  ##       ##     ## ##     ##       ## ##
     ##       #### ##     ## ######## ########  ##     ##  ######  ########

You're about to initialize a Firebase project in this directory:

  /home/stephen/workspace/chainlink/angular-operator

[info] 
=== Project Setup
[info] 
[info] First, let's associate this project directory with a Firebase project.
[info] You can create multiple project aliases by running firebase use --add, 
[info] but for now we'll just set up a default project.
[info] 
[info] i  If you want to create a project in a Google Cloud organization or folder, please use "firebase projects:create" instead, and return to this command when you've created the project. 
[debug] [2022-02-17T18:15:36.794Z] >>> HTTP REQUEST POST https://cloudresourcemanager.googleapis.com/v1/projects  
 {"projectId":"angular-smart-contract-operator","name":"angular-smart-contract-operator"}
[debug] [2022-02-17T18:15:36.925Z] <<< HTTP RESPONSE 400 {"vary":"X-Origin, Referer, Origin,Accept-Encoding","content-type":"application/json; charset=UTF-8","date":"Thu, 17 Feb 2022 18:15:36 GMT","server":"ESF","cache-control":"private","x-xss-protection":"0","x-frame-options":"SAMEORIGIN","x-content-type-options":"nosniff","server-timing":"gfet4t7; dur=31","alt-svc":"h3=\":443\"; ma=2592000,h3-29=\":443\"; ma=2592000,h3-Q050=\":443\"; ma=2592000,h3-Q046=\":443\"; ma=2592000,h3-Q043=\":443\"; ma=2592000,quic=\":443\"; ma=2592000; v=\"46,43\"","accept-ranges":"none","transfer-encoding":"chunked"}
[debug] [2022-02-17T18:15:36.925Z] <<< HTTP RESPONSE BODY {"error":{"code":400,"message":"Request contains an invalid argument.","status":"INVALID_ARGUMENT","details":[{"@type":"type.googleapis.com/google.rpc.BadRequest","fieldViolations":[{"field":"project_id","description":"project_id must be at most 30 characters long"},{"field":"display_name","description":"project display name must be at most 30 characters"}]},{"@type":"type.googleapis.com/google.rpc.Help","links":[{"url":"https://cloud.google.com/resource-manager/reference/rest/v1/projects"}]}]}}
[debug] [2022-02-17T18:15:37.017Z] FirebaseError: HTTP Error: 400, Request contains an invalid argument.
    at module.exports (/home/stephen/.config/yarn/global/node_modules/firebase-tools/lib/responseToError.js:38:12)
    at Request._callback (/home/stephen/.config/yarn/global/node_modules/firebase-tools/lib/api.js:41:35)
    at Request.self.callback (/home/stephen/.config/yarn/global/node_modules/request/request.js:185:22)
    at Request.emit (events.js:315:20)
    at Request.EventEmitter.emit (domain.js:467:12)
    at Request.<anonymous> (/home/stephen/.config/yarn/global/node_modules/request/request.js:1154:10)
    at Request.emit (events.js:315:20)
    at Request.EventEmitter.emit (domain.js:467:12)
    at IncomingMessage.<anonymous> (/home/stephen/.config/yarn/global/node_modules/request/request.js:1076:12)
    at Object.onceWrapper (events.js:421:28)
    at IncomingMessage.emit (events.js:327:22)
    at IncomingMessage.EventEmitter.emit (domain.js:467:12)
    at endReadableNT (internal/streams/readable.js:1327:12)
    at processTicksAndRejections (internal/process/task_queues.js:80:21)
[error] 
[error] Error: Failed to create project. See firebase-debug.log for more info.
[debug] [2022-02-17T18:16:01.682Z] ----------------------------------------------------------------------
[debug] [2022-02-17T18:16:01.683Z] Command:       /home/stephen/.nvm/versions/node/v14.16.0/bin/node /home/stephen/.yarn/bin/firebase init
[debug] [2022-02-17T18:16:01.683Z] CLI Version:   10.2.0
[debug] [2022-02-17T18:16:01.683Z] Platform:      linux
[debug] [2022-02-17T18:16:01.683Z] Node Version:  v14.16.0
[debug] [2022-02-17T18:16:01.683Z] Time:          Thu Feb 17 2022 12:16:01 GMT-0600 (Central Standard Time)
[debug] [2022-02-17T18:16:01.683Z] ----------------------------------------------------------------------
[debug] 
[debug] [2022-02-17T18:16:01.686Z] > command requires scopes: ["email","openid","https://www.googleapis.com/auth/cloudplatformprojects.readonly","https://www.googleapis.com/auth/firebase","https://www.googleapis.com/auth/cloud-platform"]
[debug] [2022-02-17T18:16:01.686Z] > authorizing via signed-in user (stephen.fluin@gmail.com)
[info] 
     ######## #### ########  ######## ########     ###     ######  ########
     ##        ##  ##     ## ##       ##     ##  ##   ##  ##       ##
     ######    ##  ########  ######   ########  #########  ######  ######
     ##        ##  ##    ##  ##       ##     ## ##     ##       ## ##
     ##       #### ##     ## ######## ########  ##     ##  ######  ########

You're about to initialize a Firebase project in this directory:

  /home/stephen/workspace/chainlink/angular-operator

[info] 
=== Project Setup
[info] 
[info] First, let's associate this project directory with a Firebase project.
[info] You can create multiple project aliases by running firebase use --add, 
[info] but for now we'll just set up a default project.
[info] 
[info] i  If you want to create a project in a Google Cloud organization or folder, please use "firebase projects:create" instead, and return to this command when you've created the project. 
[debug] [2022-02-17T18:16:06.921Z] >>> HTTP REQUEST POST https://cloudresourcemanager.googleapis.com/v1/projects  
 {"projectId":"angular-smart-contract-operator","name":"angular-smart-contract-operator"}
[debug] [2022-02-17T18:16:07.050Z] <<< HTTP RESPONSE 400 {"vary":"X-Origin, Referer, Origin,Accept-Encoding","content-type":"application/json; charset=UTF-8","date":"Thu, 17 Feb 2022 18:16:07 GMT","server":"ESF","cache-control":"private","x-xss-protection":"0","x-frame-options":"SAMEORIGIN","x-content-type-options":"nosniff","server-timing":"gfet4t7; dur=28","alt-svc":"h3=\":443\"; ma=2592000,h3-29=\":443\"; ma=2592000,h3-Q050=\":443\"; ma=2592000,h3-Q046=\":443\"; ma=2592000,h3-Q043=\":443\"; ma=2592000,quic=\":443\"; ma=2592000; v=\"46,43\"","accept-ranges":"none","transfer-encoding":"chunked"}
[debug] [2022-02-17T18:16:07.050Z] <<< HTTP RESPONSE BODY {"error":{"code":400,"message":"Request contains an invalid argument.","status":"INVALID_ARGUMENT","details":[{"@type":"type.googleapis.com/google.rpc.BadRequest","fieldViolations":[{"field":"project_id","description":"project_id must be at most 30 characters long"},{"field":"display_name","description":"project display name must be at most 30 characters"}]},{"@type":"type.googleapis.com/google.rpc.Help","links":[{"url":"https://cloud.google.com/resource-manager/reference/rest/v1/projects"}]}]}}
[debug] [2022-02-17T18:16:07.150Z] FirebaseError: HTTP Error: 400, Request contains an invalid argument.
    at module.exports (/home/stephen/.config/yarn/global/node_modules/firebase-tools/lib/responseToError.js:38:12)
    at Request._callback (/home/stephen/.config/yarn/global/node_modules/firebase-tools/lib/api.js:41:35)
    at Request.self.callback (/home/stephen/.config/yarn/global/node_modules/request/request.js:185:22)
    at Request.emit (events.js:315:20)
    at Request.EventEmitter.emit (domain.js:467:12)
    at Request.<anonymous> (/home/stephen/.config/yarn/global/node_modules/request/request.js:1154:10)
    at Request.emit (events.js:315:20)
    at Request.EventEmitter.emit (domain.js:467:12)
    at IncomingMessage.<anonymous> (/home/stephen/.config/yarn/global/node_modules/request/request.js:1076:12)
    at Object.onceWrapper (events.js:421:28)
    at IncomingMessage.emit (events.js:327:22)
    at IncomingMessage.EventEmitter.emit (domain.js:467:12)
    at endReadableNT (internal/streams/readable.js:1327:12)
    at processTicksAndRejections (internal/process/task_queues.js:80:21)
[error] 
[error] Error: Failed to create project. See firebase-debug.log for more info.
